Starting process: Module

Starting process: 

SCUBA, Version Diamond (64-bit) 3.11.0.396.4
Wed Nov 06 20:26:47 2019

Copyright (c) 1991-1994 by NeoCAD Inc. All rights reserved.
Copyright (c) 1995 AT&T Corp.   All rights reserved.
Copyright (c) 1995-2001 Lucent Technologies Inc.  All rights reserved.
Copyright (c) 2001 Agere Systems   All rights reserved.
Copyright (c) 2002-2019 Lattice Semiconductor Corporation,  All rights reserved.

BEGIN SCUBA Module Synthesis

    Issued command   : F:\software\3_11_Diamond_x64\diamond\3.11_x64\ispfpga\bin\nt64\scuba.exe -w -n PLL_75M -lang verilog -synth lse -arch xo2c00 -type pll -fin 30 -fclkop 75 -fclkop_tol 0.0 -trimp 0 -phasep 0 -trimp_r -phase_cntl STATIC -fb_mode 1 
    Circuit name     : PLL_75M
    Module type      : pll
    Module Version   : 5.7
    Ports            : 
	Inputs       : CLKI
	Outputs      : CLKOP
    I/O buffer       : not inserted
    EDIF output      : PLL_75M.edn
    Verilog output   : PLL_75M.v
    Verilog template : PLL_75M_tmpl.v
    Verilog purpose  : for synthesis and simulation
    Bus notation     : big endian
    Report output    : PLL_75M.srp
    Estimated Resource Usage:

END   SCUBA Module Synthesis

File: PLL_75M.lpc created.


End process: completed successfully.


Total Warnings:  0

Total Errors:  0


